CRITICAL - 2022-07-16 13:24:30 --> Call to undefined function CodeIgniter\CLI\mb_strpos()
#0 /home/developer/CodeIgniter/customer/vendor/codeigniter4/framework/system/CLI/CLI.php(161): CodeIgniter\CLI\CLI::parseCommandLine()
#1 /home/developer/CodeIgniter/customer/vendor/codeigniter4/framework/system/CLI/CLI.php(1000): CodeIgniter\CLI\CLI::init()
#2 /home/developer/CodeIgniter/customer/vendor/codeigniter4/framework/system/Autoloader/Autoloader.php(264): include_once('/home/developer...')
#3 /home/developer/CodeIgniter/customer/vendor/codeigniter4/framework/system/Autoloader/Autoloader.php(241): CodeIgniter\Autoloader\Autoloader->includeFile()
#4 /home/developer/CodeIgniter/customer/vendor/codeigniter4/framework/system/Autoloader/Autoloader.php(219): CodeIgniter\Autoloader\Autoloader->loadInNamespace()
#5 [internal function]: CodeIgniter\Autoloader\Autoloader->loadClass()
#6 /home/developer/CodeIgniter/customer/vendor/codeigniter4/framework/system/CLI/Console.php(60): spl_autoload_call()
#7 /home/developer/CodeIgniter/customer/spark(60): CodeIgniter\CLI\Console->showHeader()
#8 {main}
CRITICAL - 2022-07-16 13:24:45 --> Call to undefined function CodeIgniter\CLI\mb_strpos()
#0 /home/developer/CodeIgniter/customer/vendor/codeigniter4/framework/system/CLI/CLI.php(161): CodeIgniter\CLI\CLI::parseCommandLine()
#1 /home/developer/CodeIgniter/customer/vendor/codeigniter4/framework/system/CLI/CLI.php(1000): CodeIgniter\CLI\CLI::init()
#2 /home/developer/CodeIgniter/customer/vendor/codeigniter4/framework/system/Autoloader/Autoloader.php(264): include_once('/home/developer...')
#3 /home/developer/CodeIgniter/customer/vendor/codeigniter4/framework/system/Autoloader/Autoloader.php(241): CodeIgniter\Autoloader\Autoloader->includeFile()
#4 /home/developer/CodeIgniter/customer/vendor/codeigniter4/framework/system/Autoloader/Autoloader.php(219): CodeIgniter\Autoloader\Autoloader->loadInNamespace()
#5 [internal function]: CodeIgniter\Autoloader\Autoloader->loadClass()
#6 /home/developer/CodeIgniter/customer/vendor/codeigniter4/framework/system/CLI/Console.php(60): spl_autoload_call()
#7 /home/developer/CodeIgniter/customer/spark(60): CodeIgniter\CLI\Console->showHeader()
#8 {main}
CRITICAL - 2022-07-16 13:26:30 --> Call to undefined function CodeIgniter\CLI\mb_strpos()
#0 /home/developer/CodeIgniter/customer/vendor/codeigniter4/framework/system/CLI/CLI.php(161): CodeIgniter\CLI\CLI::parseCommandLine()
#1 /home/developer/CodeIgniter/customer/vendor/codeigniter4/framework/system/CLI/CLI.php(1000): CodeIgniter\CLI\CLI::init()
#2 /home/developer/CodeIgniter/customer/vendor/codeigniter4/framework/system/Autoloader/Autoloader.php(264): include_once('/home/developer...')
#3 /home/developer/CodeIgniter/customer/vendor/codeigniter4/framework/system/Autoloader/Autoloader.php(241): CodeIgniter\Autoloader\Autoloader->includeFile()
#4 /home/developer/CodeIgniter/customer/vendor/codeigniter4/framework/system/Autoloader/Autoloader.php(219): CodeIgniter\Autoloader\Autoloader->loadInNamespace()
#5 [internal function]: CodeIgniter\Autoloader\Autoloader->loadClass()
#6 /home/developer/CodeIgniter/customer/vendor/codeigniter4/framework/system/CLI/Console.php(60): spl_autoload_call()
#7 /home/developer/CodeIgniter/customer/spark(60): CodeIgniter\CLI\Console->showHeader()
#8 {main}
CRITICAL - 2022-07-16 13:28:06 --> Call to undefined function CodeIgniter\CLI\mb_strpos()
#0 /home/developer/CodeIgniter/customer/vendor/codeigniter4/framework/system/CLI/CLI.php(161): CodeIgniter\CLI\CLI::parseCommandLine()
#1 /home/developer/CodeIgniter/customer/vendor/codeigniter4/framework/system/CLI/CLI.php(1000): CodeIgniter\CLI\CLI::init()
#2 /home/developer/CodeIgniter/customer/vendor/codeigniter4/framework/system/Autoloader/Autoloader.php(264): include_once('/home/developer...')
#3 /home/developer/CodeIgniter/customer/vendor/codeigniter4/framework/system/Autoloader/Autoloader.php(241): CodeIgniter\Autoloader\Autoloader->includeFile()
#4 /home/developer/CodeIgniter/customer/vendor/codeigniter4/framework/system/Autoloader/Autoloader.php(219): CodeIgniter\Autoloader\Autoloader->loadInNamespace()
#5 [internal function]: CodeIgniter\Autoloader\Autoloader->loadClass()
#6 /home/developer/CodeIgniter/customer/vendor/codeigniter4/framework/system/CLI/Console.php(60): spl_autoload_call()
#7 /home/developer/CodeIgniter/customer/spark(60): CodeIgniter\CLI\Console->showHeader()
#8 {main}
